<?xml version="1.0" encoding="UTF-8"?>
<testsuite name="com.mega.book.springboot.web.HelloControllerTest" tests="2" skipped="0" failures="0" errors="0" timestamp="2023-03-22T02:30:09" hostname="DESKTOP-1P01GAH" time="0.616">
  <properties/>
  <testcase name="helloReturn" classname="com.mega.book.springboot.web.HelloControllerTest" time="0.521"/>
  <testcase name="helloDtoReturn" classname="com.mega.book.springboot.web.HelloControllerTest" time="0.094"/>
  <system-out><![CDATA[11:30:05.697 [Test worker] DEBUG org.springframework.test.context.junit4.SpringJUnit4ClassRunner - SpringJUnit4ClassRunner constructor called with [class com.mega.book.springboot.web.HelloControllerTest]
11:30:05.710 [Test worker] DEBUG org.springframework.test.context.BootstrapUtils - Instantiating CacheAwareContextLoaderDelegate from class [org.springframework.test.context.cache.DefaultCacheAwareContextLoaderDelegate]
11:30:05.723 [Test worker] DEBUG org.springframework.test.context.BootstrapUtils - Instantiating BootstrapContext using constructor [public org.springframework.test.context.support.DefaultBootstrapContext(java.lang.Class,org.springframework.test.context.CacheAwareContextLoaderDelegate)]
11:30:05.749 [Test worker] DEBUG org.springframework.test.context.BootstrapUtils - Instantiating TestContextBootstrapper for test class [com.mega.book.springboot.web.HelloControllerTest] from class [org.springframework.boot.test.autoconfigure.web.servlet.WebMvcTestContextBootstrapper]
11:30:05.778 [Test worker] INFO org.springframework.boot.test.autoconfigure.web.servlet.WebMvcTestContextBootstrapper - Neither @ContextConfiguration nor @ContextHierarchy found for test class [com.mega.book.springboot.web.HelloControllerTest], using SpringBootContextLoader
11:30:05.782 [Test worker] DEBUG org.springframework.test.context.support.AbstractContextLoader - Did not detect default resource location for test class [com.mega.book.springboot.web.HelloControllerTest]: class path resource [com/mega/book/springboot/web/HelloControllerTest-context.xml] does not exist
11:30:05.783 [Test worker] DEBUG org.springframework.test.context.support.AbstractContextLoader - Did not detect default resource location for test class [com.mega.book.springboot.web.HelloControllerTest]: class path resource [com/mega/book/springboot/web/HelloControllerTestContext.groovy] does not exist
11:30:05.784 [Test worker] INFO org.springframework.test.context.support.AbstractContextLoader - Could not detect default resource locations for test class [com.mega.book.springboot.web.HelloControllerTest]: no resource found for suffixes {-context.xml, Context.groovy}.
11:30:05.785 [Test worker] INFO org.springframework.test.context.support.AnnotationConfigContextLoaderUtils - Could not detect default configuration classes for test class [com.mega.book.springboot.web.HelloControllerTest]: HelloControllerTest does not declare any static, non-private, non-final, nested classes annotated with @Configuration.
11:30:05.882 [Test worker] DEBUG org.springframework.test.context.support.ActiveProfilesUtils - Could not find an 'annotation declaring class' for annotation type [org.springframework.test.context.ActiveProfiles] and class [com.mega.book.springboot.web.HelloControllerTest]
11:30:05.996 [Test worker] DEBUG org.springframework.context.annotation.ClassPathScanningCandidateComponentProvider - Identified candidate component class: file [D:\SPRING_AM\AWS\Book\build\classes\java\main\com\mega\book\springboot\Application.class]
11:30:05.997 [Test worker] INFO org.springframework.boot.test.context.SpringBootTestContextBootstrapper - Found @SpringBootConfiguration com.mega.book.springboot.Application for test class com.mega.book.springboot.web.HelloControllerTest
11:30:05.999 [Test worker] DEBUG org.springframework.boot.test.autoconfigure.web.servlet.WebMvcTestContextBootstrapper - @TestExecutionListeners is not present for class [com.mega.book.springboot.web.HelloControllerTest]: using defaults.
11:30:06.000 [Test worker] INFO org.springframework.boot.test.autoconfigure.web.servlet.WebMvcTestContextBootstrapper - Loaded default TestExecutionListener class names from location [META-INF/spring.factories]: [org.springframework.security.test.context.support.WithSecurityContextTestExecutionListener, org.springframework.security.test.context.support.ReactorContextTestExecutionListener, org.springframework.boot.test.autoconfigure.restdocs.RestDocsTestExecutionListener, org.springframework.boot.test.autoconfigure.web.client.MockRestServiceServerResetTestExecutionListener, org.springframework.boot.test.autoconfigure.web.servlet.MockMvcPrintOnlyOnFailureTestExecutionListener, org.springframework.boot.test.autoconfigure.web.servlet.WebDriverTestExecutionListener, org.springframework.boot.test.mock.mockito.MockitoTestExecutionListener, org.springframework.boot.test.mock.mockito.ResetMocksTestExecutionListener, org.springframework.test.context.web.ServletTestExecutionListener, org.springframework.test.context.support.DirtiesContextBeforeModesTestExecutionListener, org.springframework.test.context.support.DependencyInjectionTestExecutionListener, org.springframework.test.context.support.DirtiesContextTestExecutionListener, org.springframework.test.context.transaction.TransactionalTestExecutionListener, org.springframework.test.context.jdbc.SqlScriptsTestExecutionListener]
11:30:06.023 [Test worker] INFO org.springframework.boot.test.autoconfigure.web.servlet.WebMvcTestContextBootstrapper - Using TestExecutionListeners: [org.springframework.test.context.web.ServletTestExecutionListener@401f7633, org.springframework.test.context.support.DirtiesContextBeforeModesTestExecutionListener@31ff43be, org.springframework.boot.test.mock.mockito.MockitoTestExecutionListener@5b6ec132, org.springframework.boot.test.autoconfigure.SpringBootDependencyInjectionTestExecutionListener@5c44c582, org.springframework.test.context.support.DirtiesContextTestExecutionListener@67d18ed7, org.springframework.test.context.transaction.TransactionalTestExecutionListener@2c78d320, org.springframework.test.context.jdbc.SqlScriptsTestExecutionListener@132e0cc, org.springframework.security.test.context.support.WithSecurityContextTestExecutionListener@7b205dbd, org.springframework.security.test.context.support.ReactorContextTestExecutionListener@106cc338, org.springframework.boot.test.autoconfigure.restdocs.RestDocsTestExecutionListener@7a67e3c6, org.springframework.boot.test.autoconfigure.web.client.MockRestServiceServerResetTestExecutionListener@6cc558c6, org.springframework.boot.test.autoconfigure.web.servlet.MockMvcPrintOnlyOnFailureTestExecutionListener@15713d56, org.springframework.boot.test.autoconfigure.web.servlet.WebDriverTestExecutionListener@63f259c3, org.springframework.boot.test.mock.mockito.ResetMocksTestExecutionListener@26ceffa8]
11:30:06.029 [Test worker] DEBUG org.springframework.test.annotation.ProfileValueUtils - Retrieved @ProfileValueSourceConfiguration [null] for test class [com.mega.book.springboot.web.HelloControllerTest]
11:30:06.031 [Test worker] DEBUG org.springframework.test.annotation.ProfileValueUtils - Retrieved ProfileValueSource type [class org.springframework.test.annotation.SystemProfileValueSource] for class [com.mega.book.springboot.web.HelloControllerTest]
11:30:06.032 [Test worker] DEBUG org.springframework.test.annotation.ProfileValueUtils - Retrieved @ProfileValueSourceConfiguration [null] for test class [com.mega.book.springboot.web.HelloControllerTest]
11:30:06.032 [Test worker] DEBUG org.springframework.test.annotation.ProfileValueUtils - Retrieved ProfileValueSource type [class org.springframework.test.annotation.SystemProfileValueSource] for class [com.mega.book.springboot.web.HelloControllerTest]
11:30:06.039 [Test worker] DEBUG org.springframework.test.context.support.AbstractDirtiesContextTestExecutionListener - Before test class: context [DefaultTestContext@66c61024 testClass = HelloControllerTest, testInstance = [null], testMethod = [null], testException = [null], mergedContextConfiguration = [WebMergedContextConfiguration@61fe30 testClass = HelloControllerTest, locations = '{}', classes = '{class com.mega.book.springboot.Application}', contextInitializerClasses = '[]', activeProfiles = '{}', propertySourceLocations = '{}', propertySourceProperties = '{org.springframework.boot.test.autoconfigure.web.servlet.WebMvcTestContextBootstrapper=true}', contextCustomizers = set[org.springframework.boot.test.autoconfigure.OverrideAutoConfigurationContextCustomizerFactory$DisableAutoConfigurationContextCustomizer@1e4f4a5c, org.springframework.boot.test.autoconfigure.filter.TypeExcludeFiltersContextCustomizer@329c6c89, org.springframework.boot.test.autoconfigure.properties.PropertyMappingContextCustomizer@c9b15e4a, org.springframework.boot.test.autoconfigure.web.servlet.WebDriverContextCustomizerFactory$Customizer@7fd7a283, [ImportsContextCustomizer@c9d0d6 key = [org.springframework.boot.autoconfigure.cache.CacheAutoConfiguration, org.springframework.boot.autoconfigure.context.MessageSourceAutoConfiguration, org.springframework.boot.autoconfigure.data.web.SpringDataWebAutoConfiguration, org.springframework.boot.autoconfigure.freemarker.FreeMarkerAutoConfiguration, org.springframework.boot.autoconfigure.groovy.template.GroovyTemplateAutoConfiguration, org.springframework.boot.autoconfigure.gson.GsonAutoConfiguration, org.springframework.boot.autoconfigure.hateoas.HypermediaAutoConfiguration, org.springframework.boot.autoconfigure.http.HttpMessageConvertersAutoConfiguration, org.springframework.boot.autoconfigure.jackson.JacksonAutoConfiguration, org.springframework.boot.autoconfigure.jsonb.JsonbAutoConfiguration, org.springframework.boot.autoconfigure.mustache.MustacheAutoConfiguration, org.springframework.boot.autoconfigure.task.TaskExecutionAutoConfiguration, org.springframework.boot.autoconfigure.thymeleaf.ThymeleafAutoConfiguration, org.springframework.boot.autoconfigure.validation.ValidationAutoConfiguration, org.springframework.boot.autoconfigure.web.servlet.error.ErrorMvcAutoConfiguration, org.springframework.boot.autoconfigure.web.servlet.WebMvcAutoConfiguration, org.springframework.boot.test.autoconfigure.web.servlet.MockMvcAutoConfiguration, org.springframework.boot.test.autoconfigure.web.servlet.MockMvcSecurityAutoConfiguration, org.springframework.boot.test.autoconfigure.web.servlet.MockMvcWebClientAutoConfiguration, org.springframework.boot.test.autoconfigure.web.servlet.MockMvcWebDriverAutoConfiguration]], org.springframework.boot.test.context.filter.ExcludeFilterContextCustomizer@7905a0b8, org.springframework.boot.test.json.DuplicateJsonObjectContextCustomizerFactory$DuplicateJsonObjectContextCustomizer@13d9cbf5, org.springframework.boot.test.mock.mockito.MockitoContextCustomizer@0], resourceBasePath = 'src/main/webapp', contextLoader = 'org.springframework.boot.test.context.SpringBootContextLoader', parent = [null]], attributes = map[[empty]]], class annotated with @DirtiesContext [false] with mode [null].
11:30:06.040 [Test worker] DEBUG org.springframework.test.annotation.ProfileValueUtils - Retrieved @ProfileValueSourceConfiguration [null] for test class [com.mega.book.springboot.web.HelloControllerTest]
11:30:06.041 [Test worker] DEBUG org.springframework.test.annotation.ProfileValueUtils - Retrieved ProfileValueSource type [class org.springframework.test.annotation.SystemProfileValueSource] for class [com.mega.book.springboot.web.HelloControllerTest]
11:30:06.048 [Test worker] DEBUG org.springframework.test.context.support.DependencyInjectionTestExecutionListener - Performing dependency injection for test context [[DefaultTestContext@66c61024 testClass = HelloControllerTest, testInstance = com.mega.book.springboot.web.HelloControllerTest@39de3d36, testMethod = [null], testException = [null], mergedContextConfiguration = [WebMergedContextConfiguration@61fe30 testClass = HelloControllerTest, locations = '{}', classes = '{class com.mega.book.springboot.Application}', contextInitializerClasses = '[]', activeProfiles = '{}', propertySourceLocations = '{}', propertySourceProperties = '{org.springframework.boot.test.autoconfigure.web.servlet.WebMvcTestContextBootstrapper=true}', contextCustomizers = set[org.springframework.boot.test.autoconfigure.OverrideAutoConfigurationContextCustomizerFactory$DisableAutoConfigurationContextCustomizer@1e4f4a5c, org.springframework.boot.test.autoconfigure.filter.TypeExcludeFiltersContextCustomizer@329c6c89, org.springframework.boot.test.autoconfigure.properties.PropertyMappingContextCustomizer@c9b15e4a, org.springframework.boot.test.autoconfigure.web.servlet.WebDriverContextCustomizerFactory$Customizer@7fd7a283, [ImportsContextCustomizer@c9d0d6 key = [org.springframework.boot.autoconfigure.cache.CacheAutoConfiguration, org.springframework.boot.autoconfigure.context.MessageSourceAutoConfiguration, org.springframework.boot.autoconfigure.data.web.SpringDataWebAutoConfiguration, org.springframework.boot.autoconfigure.freemarker.FreeMarkerAutoConfiguration, org.springframework.boot.autoconfigure.groovy.template.GroovyTemplateAutoConfiguration, org.springframework.boot.autoconfigure.gson.GsonAutoConfiguration, org.springframework.boot.autoconfigure.hateoas.HypermediaAutoConfiguration, org.springframework.boot.autoconfigure.http.HttpMessageConvertersAutoConfiguration, org.springframework.boot.autoconfigure.jackson.JacksonAutoConfiguration, org.springframework.boot.autoconfigure.jsonb.JsonbAutoConfiguration, org.springframework.boot.autoconfigure.mustache.MustacheAutoConfiguration, org.springframework.boot.autoconfigure.task.TaskExecutionAutoConfiguration, org.springframework.boot.autoconfigure.thymeleaf.ThymeleafAutoConfiguration, org.springframework.boot.autoconfigure.validation.ValidationAutoConfiguration, org.springframework.boot.autoconfigure.web.servlet.error.ErrorMvcAutoConfiguration, org.springframework.boot.autoconfigure.web.servlet.WebMvcAutoConfiguration, org.springframework.boot.test.autoconfigure.web.servlet.MockMvcAutoConfiguration, org.springframework.boot.test.autoconfigure.web.servlet.MockMvcSecurityAutoConfiguration, org.springframework.boot.test.autoconfigure.web.servlet.MockMvcWebClientAutoConfiguration, org.springframework.boot.test.autoconfigure.web.servlet.MockMvcWebDriverAutoConfiguration]], org.springframework.boot.test.context.filter.ExcludeFilterContextCustomizer@7905a0b8, org.springframework.boot.test.json.DuplicateJsonObjectContextCustomizerFactory$DuplicateJsonObjectContextCustomizer@13d9cbf5, org.springframework.boot.test.mock.mockito.MockitoContextCustomizer@0], resourceBasePath = 'src/main/webapp', contextLoader = 'org.springframework.boot.test.context.SpringBootContextLoader', parent = [null]], attributes = map[[empty]]]].
11:30:06.167 [Test worker] DEBUG org.springframework.test.context.support.TestPropertySourceUtils - Adding inlined properties to environment: {spring.jmx.enabled=false, org.springframework.boot.test.autoconfigure.web.servlet.WebMvcTestContextBootstrapper=true, server.port=-1}

  .   ____          _            __ _ _
 /\\ / ___'_ __ _ _(_)_ __  __ _ \ \ \ \
( ( )\___ | '_ | '_| | '_ \/ _` | \ \ \ \
 \\/  ___)| |_)| | | | | || (_| |  ) ) ) )
  '  |____| .__|_| |_|_| |_\__, | / / / /
 =========|_|==============|___/=/_/_/_/
 :: Spring Boot ::        (v2.1.7.RELEASE)

2023-03-22 11:30:06.531  INFO 22984 --- [    Test worker] c.m.b.s.web.HelloControllerTest          : Starting HelloControllerTest on DESKTOP-1P01GAH with PID 22984 (started by user in D:\SPRING_AM\AWS\Book)
2023-03-22 11:30:06.542  INFO 22984 --- [    Test worker] c.m.b.s.web.HelloControllerTest          : No active profile set, falling back to default profiles: default
2023-03-22 11:30:08.448  INFO 22984 --- [    Test worker] o.s.s.concurrent.ThreadPoolTaskExecutor  : Initializing ExecutorService 'applicationTaskExecutor'
2023-03-22 11:30:08.558  INFO 22984 --- [    Test worker] o.s.b.a.w.s.WelcomePageHandlerMapping    : Adding welcome page template: index
2023-03-22 11:30:08.967  INFO 22984 --- [    Test worker] .s.s.UserDetailsServiceAutoConfiguration : 

Using generated security password: 9189b144-411f-4e6c-af80-8d3b8b95f6a5

2023-03-22 11:30:09.219  INFO 22984 --- [    Test worker] o.s.s.web.DefaultSecurityFilterChain     : Creating filter chain: any request, [org.springframework.security.web.context.request.async.WebAsyncManagerIntegrationFilter@65629ac6, org.springframework.security.web.context.SecurityContextPersistenceFilter@478b0739, org.springframework.security.web.header.HeaderWriterFilter@2349f14d, org.springframework.security.web.csrf.CsrfFilter@2693c618, org.springframework.security.web.authentication.logout.LogoutFilter@3f6f3cc, org.springframework.security.web.authentication.UsernamePasswordAuthenticationFilter@25a94b55, org.springframework.security.web.authentication.ui.DefaultLoginPageGeneratingFilter@38291795, org.springframework.security.web.authentication.ui.DefaultLogoutPageGeneratingFilter@56b8aaf1, org.springframework.security.web.authentication.www.BasicAuthenticationFilter@307e4c44, org.springframework.security.web.savedrequest.RequestCacheAwareFilter@6fc0bbc6, org.springframework.security.web.servletapi.SecurityContextHolderAwareRequestFilter@25f61c2c, org.springframework.security.web.authentication.AnonymousAuthenticationFilter@5482bcac, org.springframework.security.web.session.SessionManagementFilter@7edb6fca, org.springframework.security.web.access.ExceptionTranslationFilter@468e8565, org.springframework.security.web.access.intercept.FilterSecurityInterceptor@6d672bd4]
2023-03-22 11:30:09.273  INFO 22984 --- [    Test worker] o.s.b.t.m.w.SpringBootMockServletContext : Initializing Spring TestDispatcherServlet ''
2023-03-22 11:30:09.274  INFO 22984 --- [    Test worker] o.s.t.web.servlet.TestDispatcherServlet  : Initializing Servlet ''
2023-03-22 11:30:09.295  INFO 22984 --- [    Test worker] o.s.t.web.servlet.TestDispatcherServlet  : Completed initialization in 21 ms
2023-03-22 11:30:09.367  INFO 22984 --- [    Test worker] c.m.b.s.web.HelloControllerTest          : Started HelloControllerTest in 3.189 seconds (JVM running for 4.538)
]]></system-out>
  <system-err><![CDATA[]]></system-err>
</testsuite>
