<?xml version="1.0" encoding="UTF-8"?>
<testsuite name="com.mega.book.springboot.domain.posts.PostsRepositoryTest" tests="2" skipped="0" failures="0" errors="0" timestamp="2023-03-22T02:30:14" hostname="DESKTOP-1P01GAH" time="0.227">
  <properties/>
  <testcase name="게시물저장_불러오기" classname="com.mega.book.springboot.domain.posts.PostsRepositoryTest" time="0.215"/>
  <testcase name="BaseTimeEntity_등록" classname="com.mega.book.springboot.domain.posts.PostsRepositoryTest" time="0.011"/>
  <system-out><![CDATA[2023-03-22 11:30:10.003  INFO 22984 --- [    Test worker] .b.t.c.SpringBootTestContextBootstrapper : Neither @ContextConfiguration nor @ContextHierarchy found for test class [com.mega.book.springboot.domain.posts.PostsRepositoryTest], using SpringBootContextLoader
2023-03-22 11:30:10.004  INFO 22984 --- [    Test worker] o.s.t.c.support.AbstractContextLoader    : Could not detect default resource locations for test class [com.mega.book.springboot.domain.posts.PostsRepositoryTest]: no resource found for suffixes {-context.xml, Context.groovy}.
2023-03-22 11:30:10.004  INFO 22984 --- [    Test worker] t.c.s.AnnotationConfigContextLoaderUtils : Could not detect default configuration classes for test class [com.mega.book.springboot.domain.posts.PostsRepositoryTest]: PostsRepositoryTest does not declare any static, non-private, non-final, nested classes annotated with @Configuration.
2023-03-22 11:30:10.016  INFO 22984 --- [    Test worker] .b.t.c.SpringBootTestContextBootstrapper : Found @SpringBootConfiguration com.mega.book.springboot.Application for test class com.mega.book.springboot.domain.posts.PostsRepositoryTest
2023-03-22 11:30:10.027  INFO 22984 --- [    Test worker] .b.t.c.SpringBootTestContextBootstrapper : Loaded default TestExecutionListener class names from location [META-INF/spring.factories]: [org.springframework.security.test.context.support.WithSecurityContextTestExecutionListener, org.springframework.security.test.context.support.ReactorContextTestExecutionListener, org.springframework.boot.test.autoconfigure.restdocs.RestDocsTestExecutionListener, org.springframework.boot.test.autoconfigure.web.client.MockRestServiceServerResetTestExecutionListener, org.springframework.boot.test.autoconfigure.web.servlet.MockMvcPrintOnlyOnFailureTestExecutionListener, org.springframework.boot.test.autoconfigure.web.servlet.WebDriverTestExecutionListener, org.springframework.boot.test.mock.mockito.MockitoTestExecutionListener, org.springframework.boot.test.mock.mockito.ResetMocksTestExecutionListener, org.springframework.test.context.web.ServletTestExecutionListener, org.springframework.test.context.support.DirtiesContextBeforeModesTestExecutionListener, org.springframework.test.context.support.DependencyInjectionTestExecutionListener, org.springframework.test.context.support.DirtiesContextTestExecutionListener, org.springframework.test.context.transaction.TransactionalTestExecutionListener, org.springframework.test.context.jdbc.SqlScriptsTestExecutionListener]
2023-03-22 11:30:10.029  INFO 22984 --- [    Test worker] .b.t.c.SpringBootTestContextBootstrapper : Using TestExecutionListeners: [org.springframework.test.context.web.ServletTestExecutionListener@6d969330, org.springframework.test.context.support.DirtiesContextBeforeModesTestExecutionListener@4861cca9, org.springframework.boot.test.mock.mockito.MockitoTestExecutionListener@6c8f4bc7, org.springframework.boot.test.autoconfigure.SpringBootDependencyInjectionTestExecutionListener@714e861f, org.springframework.test.context.support.DirtiesContextTestExecutionListener@28989415, org.springframework.test.context.transaction.TransactionalTestExecutionListener@6eda012b, org.springframework.test.context.jdbc.SqlScriptsTestExecutionListener@781dbe44, org.springframework.security.test.context.support.WithSecurityContextTestExecutionListener@7d66a126, org.springframework.security.test.context.support.ReactorContextTestExecutionListener@1132baa3, org.springframework.boot.test.autoconfigure.restdocs.RestDocsTestExecutionListener@2fdf22f7, org.springframework.boot.test.autoconfigure.web.client.MockRestServiceServerResetTestExecutionListener@3a2546d6, org.springframework.boot.test.autoconfigure.web.servlet.MockMvcPrintOnlyOnFailureTestExecutionListener@7282af25, org.springframework.boot.test.autoconfigure.web.servlet.WebDriverTestExecutionListener@7661e474, org.springframework.boot.test.mock.mockito.ResetMocksTestExecutionListener@20ffb8d5]

  .   ____          _            __ _ _
 /\\ / ___'_ __ _ _(_)_ __  __ _ \ \ \ \
( ( )\___ | '_ | '_| | '_ \/ _` | \ \ \ \
 \\/  ___)| |_)| | | | | || (_| |  ) ) ) )
  '  |____| .__|_| |_|_| |_\__, | / / / /
 =========|_|==============|___/=/_/_/_/
 :: Spring Boot ::        (v2.1.7.RELEASE)

2023-03-22 11:30:10.059  INFO 22984 --- [    Test worker] c.m.b.s.d.posts.PostsRepositoryTest      : Starting PostsRepositoryTest on DESKTOP-1P01GAH with PID 22984 (started by user in D:\SPRING_AM\AWS\Book)
2023-03-22 11:30:10.059  INFO 22984 --- [    Test worker] c.m.b.s.d.posts.PostsRepositoryTest      : No active profile set, falling back to default profiles: default
2023-03-22 11:30:10.546  INFO 22984 --- [    Test worker] .s.d.r.c.RepositoryConfigurationDelegate : Bootstrapping Spring Data repositories in DEFAULT mode.
2023-03-22 11:30:10.643  INFO 22984 --- [    Test worker] .s.d.r.c.RepositoryConfigurationDelegate : Finished Spring Data repository scanning in 83ms. Found 2 repository interfaces.
2023-03-22 11:30:11.014  INFO 22984 --- [    Test worker] trationDelegate$BeanPostProcessorChecker : Bean 'org.springframework.transaction.annotation.ProxyTransactionManagementConfiguration' of type [org.springframework.transaction.annotation.ProxyTransactionManagementConfiguration$$EnhancerBySpringCGLIB$$b6f06fab] is not eligible for getting processed by all BeanPostProcessors (for example: not eligible for auto-proxying)
2023-03-22 11:30:11.249  INFO 22984 --- [    Test worker] com.zaxxer.hikari.HikariDataSource       : HikariPool-1 - Starting...
2023-03-22 11:30:11.452  INFO 22984 --- [    Test worker] com.zaxxer.hikari.HikariDataSource       : HikariPool-1 - Start completed.
2023-03-22 11:30:11.610  INFO 22984 --- [    Test worker] o.hibernate.jpa.internal.util.LogHelper  : HHH000204: Processing PersistenceUnitInfo [
	name: default
	...]
2023-03-22 11:30:11.719  INFO 22984 --- [    Test worker] org.hibernate.Version                    : HHH000412: Hibernate Core {5.3.10.Final}
2023-03-22 11:30:11.721  INFO 22984 --- [    Test worker] org.hibernate.cfg.Environment            : HHH000206: hibernate.properties not found
2023-03-22 11:30:11.791  INFO 22984 --- [    Test worker] o.hibernate.annotations.common.Version   : HCANN000001: Hibernate Commons Annotations {5.0.4.Final}
2023-03-22 11:30:11.964  INFO 22984 --- [    Test worker] org.hibernate.dialect.Dialect            : HHH000400: Using dialect: org.hibernate.dialect.MySQL5InnoDBDialect
Hibernate: drop table if exists posts
Hibernate: drop table if exists user
Hibernate: create table posts (id bigint not null auto_increment, created_date datetime, modified_date datetime, author varchar(255), content TEXT not null, title varchar(500) not null, primary key (id)) engine=InnoDB
Hibernate: create table user (id bigint not null auto_increment, created_date datetime, modified_date datetime, email varchar(255) not null, name varchar(255) not null, picture varchar(255), role varchar(255) not null, primary key (id)) engine=InnoDB
2023-03-22 11:30:12.787  INFO 22984 --- [    Test worker] o.h.t.schema.internal.SchemaCreatorImpl  : HHH000476: Executing import script 'org.hibernate.tool.schema.internal.exec.ScriptSourceInputNonExistentImpl@200e6029'
2023-03-22 11:30:12.791  INFO 22984 --- [    Test worker] j.LocalContainerEntityManagerFactoryBean : Initialized JPA EntityManagerFactory for persistence unit 'default'
2023-03-22 11:30:13.515  INFO 22984 --- [    Test worker] o.h.h.i.QueryTranslatorFactoryInitiator  : HHH000397: Using ASTQueryTranslatorFactory
2023-03-22 11:30:13.900  INFO 22984 --- [    Test worker] o.s.s.web.DefaultSecurityFilterChain     : Creating filter chain: any request, [org.springframework.security.web.context.request.async.WebAsyncManagerIntegrationFilter@57cc0333, org.springframework.security.web.context.SecurityContextPersistenceFilter@280f061e, org.springframework.security.web.header.HeaderWriterFilter@5b697993, org.springframework.security.web.authentication.logout.LogoutFilter@1a23136f, org.springframework.security.oauth2.client.web.OAuth2AuthorizationRequestRedirectFilter@8dd0c70, org.springframework.security.oauth2.client.web.OAuth2LoginAuthenticationFilter@5f93ec02, org.springframework.security.web.authentication.ui.DefaultLoginPageGeneratingFilter@4accc3de, org.springframework.security.web.authentication.ui.DefaultLogoutPageGeneratingFilter@4e22dadb, org.springframework.security.web.savedrequest.RequestCacheAwareFilter@7d7888a5, org.springframework.security.web.servletapi.SecurityContextHolderAwareRequestFilter@6dcdc378, org.springframework.security.web.authentication.AnonymousAuthenticationFilter@5aa2758a, org.springframework.security.web.session.SessionManagementFilter@7ffb0bb4, org.springframework.security.web.access.ExceptionTranslationFilter@24ae2183, org.springframework.security.web.access.intercept.FilterSecurityInterceptor@6abca7a6]
2023-03-22 11:30:14.351  INFO 22984 --- [    Test worker] o.s.s.concurrent.ThreadPoolTaskExecutor  : Initializing ExecutorService 'applicationTaskExecutor'
2023-03-22 11:30:14.368  WARN 22984 --- [    Test worker] aWebConfiguration$JpaWebMvcConfiguration : spring.jpa.open-in-view is enabled by default. Therefore, database queries may be performed during view rendering. Explicitly configure spring.jpa.open-in-view to disable this warning
2023-03-22 11:30:14.413  INFO 22984 --- [    Test worker] o.s.b.a.w.s.WelcomePageHandlerMapping    : Adding welcome page template: index
2023-03-22 11:30:14.868  INFO 22984 --- [    Test worker] s.a.ScheduledAnnotationBeanPostProcessor : No TaskScheduler/ScheduledExecutorService bean found for scheduled processing
2023-03-22 11:30:14.877  INFO 22984 --- [    Test worker] c.m.b.s.d.posts.PostsRepositoryTest      : Started PostsRepositoryTest in 4.845 seconds (JVM running for 10.048)
Hibernate: insert into posts (created_date, modified_date, author, content, title) values (?, ?, ?, ?, ?)
Hibernate: select posts0_.id as id1_0_, posts0_.created_date as created_2_0_, posts0_.modified_date as modified3_0_, posts0_.author as author4_0_, posts0_.content as content5_0_, posts0_.title as title6_0_ from posts posts0_
Hibernate: select posts0_.id as id1_0_, posts0_.created_date as created_2_0_, posts0_.modified_date as modified3_0_, posts0_.author as author4_0_, posts0_.content as content5_0_, posts0_.title as title6_0_ from posts posts0_
Hibernate: delete from posts where id=?
Hibernate: insert into posts (created_date, modified_date, author, content, title) values (?, ?, ?, ?, ?)
Hibernate: select posts0_.id as id1_0_, posts0_.created_date as created_2_0_, posts0_.modified_date as modified3_0_, posts0_.author as author4_0_, posts0_.content as content5_0_, posts0_.title as title6_0_ from posts posts0_
>>>>>>>>> createDate=2023-03-22T11:30:15.103519, modifiedDate=2023-03-22T11:30:15.103519Hibernate: select posts0_.id as id1_0_, posts0_.created_date as created_2_0_, posts0_.modified_date as modified3_0_, posts0_.author as author4_0_, posts0_.content as content5_0_, posts0_.title as title6_0_ from posts posts0_
Hibernate: delete from posts where id=?
]]></system-out>
  <system-err><![CDATA[]]></system-err>
</testsuite>
