<?xml version="1.0" encoding="UTF-8"?>
<testsuite name="com.mega.book.springboot.web.dto.HelloResponseDtoTest" tests="1" skipped="0" failures="0" errors="0" timestamp="2023-03-22T02:30:17" hostname="DESKTOP-1P01GAH" time="0.002">
  <properties/>
  <testcase name="loombookTest" classname="com.mega.book.springboot.web.dto.HelloResponseDtoTest" time="0.002"/>
  <system-out><![CDATA[]]></system-out>
  <system-err><![CDATA[]]></system-err>
</testsuite>
