<?xml version="1.0" encoding="UTF-8"?>
<testsuite name="com.mega.book.springboot.web.IndexControllerTest" tests="1" skipped="0" failures="0" errors="0" timestamp="2023-03-22T02:30:17" hostname="DESKTOP-1P01GAH" time="0.236">
  <properties/>
  <testcase name="메인페이지_로딩" classname="com.mega.book.springboot.web.IndexControllerTest" time="0.236"/>
  <system-out><![CDATA[2023-03-22 11:30:15.123  INFO 22984 --- [    Test worker] .b.t.c.SpringBootTestContextBootstrapper : Neither @ContextConfiguration nor @ContextHierarchy found for test class [com.mega.book.springboot.web.IndexControllerTest], using SpringBootContextLoader
2023-03-22 11:30:15.124  INFO 22984 --- [    Test worker] o.s.t.c.support.AbstractContextLoader    : Could not detect default resource locations for test class [com.mega.book.springboot.web.IndexControllerTest]: no resource found for suffixes {-context.xml, Context.groovy}.
2023-03-22 11:30:15.125  INFO 22984 --- [    Test worker] t.c.s.AnnotationConfigContextLoaderUtils : Could not detect default configuration classes for test class [com.mega.book.springboot.web.IndexControllerTest]: IndexControllerTest does not declare any static, non-private, non-final, nested classes annotated with @Configuration.
2023-03-22 11:30:15.127  INFO 22984 --- [    Test worker] .b.t.c.SpringBootTestContextBootstrapper : Found @SpringBootConfiguration com.mega.book.springboot.Application for test class com.mega.book.springboot.web.IndexControllerTest
2023-03-22 11:30:15.128  INFO 22984 --- [    Test worker] .b.t.c.SpringBootTestContextBootstrapper : Loaded default TestExecutionListener class names from location [META-INF/spring.factories]: [org.springframework.security.test.context.support.WithSecurityContextTestExecutionListener, org.springframework.security.test.context.support.ReactorContextTestExecutionListener, org.springframework.boot.test.autoconfigure.restdocs.RestDocsTestExecutionListener, org.springframework.boot.test.autoconfigure.web.client.MockRestServiceServerResetTestExecutionListener, org.springframework.boot.test.autoconfigure.web.servlet.MockMvcPrintOnlyOnFailureTestExecutionListener, org.springframework.boot.test.autoconfigure.web.servlet.WebDriverTestExecutionListener, org.springframework.boot.test.mock.mockito.MockitoTestExecutionListener, org.springframework.boot.test.mock.mockito.ResetMocksTestExecutionListener, org.springframework.test.context.web.ServletTestExecutionListener, org.springframework.test.context.support.DirtiesContextBeforeModesTestExecutionListener, org.springframework.test.context.support.DependencyInjectionTestExecutionListener, org.springframework.test.context.support.DirtiesContextTestExecutionListener, org.springframework.test.context.transaction.TransactionalTestExecutionListener, org.springframework.test.context.jdbc.SqlScriptsTestExecutionListener]
2023-03-22 11:30:15.128  INFO 22984 --- [    Test worker] .b.t.c.SpringBootTestContextBootstrapper : Using TestExecutionListeners: [org.springframework.test.context.web.ServletTestExecutionListener@3d72abea, org.springframework.test.context.support.DirtiesContextBeforeModesTestExecutionListener@6a495d88, org.springframework.boot.test.mock.mockito.MockitoTestExecutionListener@45ea6c24, org.springframework.boot.test.autoconfigure.SpringBootDependencyInjectionTestExecutionListener@51f31fad, org.springframework.test.context.support.DirtiesContextTestExecutionListener@7976d382, org.springframework.test.context.transaction.TransactionalTestExecutionListener@59f36439, org.springframework.test.context.jdbc.SqlScriptsTestExecutionListener@4feea86f, org.springframework.security.test.context.support.WithSecurityContextTestExecutionListener@6a9c848, org.springframework.security.test.context.support.ReactorContextTestExecutionListener@498cf1dc, org.springframework.boot.test.autoconfigure.restdocs.RestDocsTestExecutionListener@b9c8678, org.springframework.boot.test.autoconfigure.web.client.MockRestServiceServerResetTestExecutionListener@318beab4, org.springframework.boot.test.autoconfigure.web.servlet.MockMvcPrintOnlyOnFailureTestExecutionListener@79a88f45, org.springframework.boot.test.autoconfigure.web.servlet.WebDriverTestExecutionListener@578483bd, org.springframework.boot.test.mock.mockito.ResetMocksTestExecutionListener@38447073]

  .   ____          _            __ _ _
 /\\ / ___'_ __ _ _(_)_ __  __ _ \ \ \ \
( ( )\___ | '_ | '_| | '_ \/ _` | \ \ \ \
 \\/  ___)| |_)| | | | | || (_| |  ) ) ) )
  '  |____| .__|_| |_|_| |_\__, | / / / /
 =========|_|==============|___/=/_/_/_/
 :: Spring Boot ::        (v2.1.7.RELEASE)

2023-03-22 11:30:15.160  INFO 22984 --- [    Test worker] c.m.b.s.web.IndexControllerTest          : Starting IndexControllerTest on DESKTOP-1P01GAH with PID 22984 (started by user in D:\SPRING_AM\AWS\Book)
2023-03-22 11:30:15.161  INFO 22984 --- [    Test worker] c.m.b.s.web.IndexControllerTest          : No active profile set, falling back to default profiles: default
2023-03-22 11:30:15.437  INFO 22984 --- [    Test worker] .s.d.r.c.RepositoryConfigurationDelegate : Bootstrapping Spring Data repositories in DEFAULT mode.
2023-03-22 11:30:15.461  INFO 22984 --- [    Test worker] .s.d.r.c.RepositoryConfigurationDelegate : Finished Spring Data repository scanning in 23ms. Found 2 repository interfaces.
2023-03-22 11:30:15.590  INFO 22984 --- [    Test worker] trationDelegate$BeanPostProcessorChecker : Bean 'org.springframework.transaction.annotation.ProxyTransactionManagementConfiguration' of type [org.springframework.transaction.annotation.ProxyTransactionManagementConfiguration$$EnhancerBySpringCGLIB$$b6f06fab] is not eligible for getting processed by all BeanPostProcessors (for example: not eligible for auto-proxying)
2023-03-22 11:30:15.894  INFO 22984 --- [    Test worker] o.s.b.w.embedded.tomcat.TomcatWebServer  : Tomcat initialized with port(s): 0 (http)
2023-03-22 11:30:15.940  INFO 22984 --- [    Test worker] o.apache.catalina.core.StandardService   : Starting service [Tomcat]
2023-03-22 11:30:15.941  INFO 22984 --- [    Test worker] org.apache.catalina.core.StandardEngine  : Starting Servlet engine: [Apache Tomcat/9.0.22]
2023-03-22 11:30:16.158  INFO 22984 --- [    Test worker] o.a.c.c.C.[Tomcat].[localhost].[/]       : Initializing Spring embedded WebApplicationContext
2023-03-22 11:30:16.159  INFO 22984 --- [    Test worker] o.s.web.context.ContextLoader            : Root WebApplicationContext: initialization completed in 996 ms
2023-03-22 11:30:16.355  INFO 22984 --- [    Test worker] com.zaxxer.hikari.HikariDataSource       : HikariPool-2 - Starting...
2023-03-22 11:30:16.357  INFO 22984 --- [    Test worker] com.zaxxer.hikari.HikariDataSource       : HikariPool-2 - Start completed.
2023-03-22 11:30:16.400  INFO 22984 --- [    Test worker] o.hibernate.jpa.internal.util.LogHelper  : HHH000204: Processing PersistenceUnitInfo [
	name: default
	...]
2023-03-22 11:30:16.412  INFO 22984 --- [    Test worker] org.hibernate.dialect.Dialect            : HHH000400: Using dialect: org.hibernate.dialect.MySQL5InnoDBDialect
Hibernate: drop table if exists posts
Hibernate: drop table if exists user
Hibernate: create table posts (id bigint not null auto_increment, created_date datetime, modified_date datetime, author varchar(255), content TEXT not null, title varchar(500) not null, primary key (id)) engine=InnoDB
Hibernate: create table user (id bigint not null auto_increment, created_date datetime, modified_date datetime, email varchar(255) not null, name varchar(255) not null, picture varchar(255), role varchar(255) not null, primary key (id)) engine=InnoDB
2023-03-22 11:30:16.485  INFO 22984 --- [    Test worker] o.h.t.schema.internal.SchemaCreatorImpl  : HHH000476: Executing import script 'org.hibernate.tool.schema.internal.exec.ScriptSourceInputNonExistentImpl@200e6029'
2023-03-22 11:30:16.485  INFO 22984 --- [    Test worker] j.LocalContainerEntityManagerFactoryBean : Initialized JPA EntityManagerFactory for persistence unit 'default'
2023-03-22 11:30:16.859  INFO 22984 --- [    Test worker] o.h.h.i.QueryTranslatorFactoryInitiator  : HHH000397: Using ASTQueryTranslatorFactory
2023-03-22 11:30:16.972  INFO 22984 --- [    Test worker] o.s.s.web.DefaultSecurityFilterChain     : Creating filter chain: any request, [org.springframework.security.web.context.request.async.WebAsyncManagerIntegrationFilter@62065d12, org.springframework.security.web.context.SecurityContextPersistenceFilter@6dc8a602, org.springframework.security.web.header.HeaderWriterFilter@125447a0, org.springframework.security.web.authentication.logout.LogoutFilter@51fadd20, org.springframework.security.oauth2.client.web.OAuth2AuthorizationRequestRedirectFilter@66df2165, org.springframework.security.oauth2.client.web.OAuth2LoginAuthenticationFilter@41cec7b0, org.springframework.security.web.authentication.ui.DefaultLoginPageGeneratingFilter@792a9cb1, org.springframework.security.web.authentication.ui.DefaultLogoutPageGeneratingFilter@5523f107, org.springframework.security.web.savedrequest.RequestCacheAwareFilter@2a45c6f0, org.springframework.security.web.servletapi.SecurityContextHolderAwareRequestFilter@1a9cfd5f, org.springframework.security.web.authentication.AnonymousAuthenticationFilter@4ae836cf, org.springframework.security.web.session.SessionManagementFilter@cede70a, org.springframework.security.web.access.ExceptionTranslationFilter@4d71476c, org.springframework.security.web.access.intercept.FilterSecurityInterceptor@1fc51af7]
2023-03-22 11:30:17.136  INFO 22984 --- [    Test worker] o.s.s.concurrent.ThreadPoolTaskExecutor  : Initializing ExecutorService 'applicationTaskExecutor'
2023-03-22 11:30:17.148  WARN 22984 --- [    Test worker] aWebConfiguration$JpaWebMvcConfiguration : spring.jpa.open-in-view is enabled by default. Therefore, database queries may be performed during view rendering. Explicitly configure spring.jpa.open-in-view to disable this warning
2023-03-22 11:30:17.178  INFO 22984 --- [    Test worker] o.s.b.a.w.s.WelcomePageHandlerMapping    : Adding welcome page template: index
2023-03-22 11:30:17.426  INFO 22984 --- [    Test worker] s.a.ScheduledAnnotationBeanPostProcessor : No TaskScheduler/ScheduledExecutorService bean found for scheduled processing
2023-03-22 11:30:17.452  INFO 22984 --- [    Test worker] o.s.b.w.embedded.tomcat.TomcatWebServer  : Tomcat started on port(s): 65421 (http) with context path ''
2023-03-22 11:30:17.453  INFO 22984 --- [    Test worker] c.m.b.s.web.IndexControllerTest          : Started IndexControllerTest in 2.323 seconds (JVM running for 12.624)
2023-03-22 11:30:17.577  INFO 22984 --- [o-auto-1-exec-1] o.a.c.c.C.[Tomcat].[localhost].[/]       : Initializing Spring DispatcherServlet 'dispatcherServlet'
2023-03-22 11:30:17.578  INFO 22984 --- [o-auto-1-exec-1] o.s.web.servlet.DispatcherServlet        : Initializing Servlet 'dispatcherServlet'
2023-03-22 11:30:17.599  INFO 22984 --- [o-auto-1-exec-1] o.s.web.servlet.DispatcherServlet        : Completed initialization in 21 ms
Hibernate: select posts0_.id as id1_0_, posts0_.created_date as created_2_0_, posts0_.modified_date as modified3_0_, posts0_.author as author4_0_, posts0_.content as content5_0_, posts0_.title as title6_0_ from posts posts0_ order by posts0_.id DESC
]]></system-out>
  <system-err><![CDATA[]]></system-err>
</testsuite>
